<?xml version="1.0" encoding="UTF-8"?>
<!-- Generated by org.testng.reporters.JUnitReportReporter -->
<testsuite hostname="APENAO" name="org.seleniumtm.test.UserTest" tests="4" failures="0" timestamp="27 Mar 2018 16:10:31 GMT" time="354.901" errors="0">
  <testcase name="deleteUser" time="133.420" classname="org.seleniumtm.test.UserTest"/>
  <testcase name="viewUser" time="19.363" classname="org.seleniumtm.test.UserTest"/>
  <testcase name="editUser" time="64.683" classname="org.seleniumtm.test.UserTest"/>
  <testcase name="createUser" time="137.435" classname="org.seleniumtm.test.UserTest"/>
</testsuite> <!-- org.seleniumtm.test.UserTest -->
