<?xml version="1.0" encoding="UTF-8"?>
<!-- Generated by org.testng.reporters.JUnitReportReporter -->
<testsuite hostname="APENAO" name="org.seleniumdemo.test.RunSystemUpdateTest" tests="1" failures="0" timestamp="12 Mar 2018 16:29:14 GMT" time="66.082" errors="0">
  <testcase name="runSystempUpdateDevice" time="66.082" classname="org.seleniumdemo.test.RunSystemUpdateTest"/>
</testsuite> <!-- org.seleniumdemo.test.RunSystemUpdateTest -->
