<?xml version="1.0" encoding="UTF-8"?>
<!-- Generated by org.testng.reporters.JUnitReportReporter -->
<testsuite hostname="APENAO" name="org.seleniumdemo.test.UserTest" tests="4" failures="0" timestamp="13 Feb 2018 15:25:46 GMT" time="252.559" errors="0">
  <testcase name="deleteUser" time="83.673" classname="org.seleniumdemo.test.UserTest"/>
  <testcase name="editUser" time="94.226" classname="org.seleniumdemo.test.UserTest"/>
  <testcase name="viewUser" time="27.964" classname="org.seleniumdemo.test.UserTest"/>
  <testcase name="createUser" time="46.696" classname="org.seleniumdemo.test.UserTest"/>
</testsuite> <!-- org.seleniumdemo.test.UserTest -->
