<?xml version="1.0" encoding="UTF-8"?>
<!-- Generated by org.testng.reporters.JUnitReportReporter -->
<testsuite hostname="APENAO" name="org.seleniumdemo.test.SetPasswordTest" tests="1" failures="0" timestamp="28 Nov 2017 15:16:51 GMT" time="228.815" errors="0">
  <testcase name="editPassword" time="228.815" classname="org.seleniumdemo.test.SetPasswordTest"/>
</testsuite> <!-- org.seleniumdemo.test.SetPasswordTest -->
