<?xml version="1.0" encoding="UTF-8"?>
<!-- Generated by org.testng.reporters.JUnitReportReporter -->
<testsuite hostname="APENAO" name="org.seleniumdemo.test.AppsTest" tests="4" failures="0" timestamp="13 Feb 2018 19:39:31 GMT" time="253.516" errors="0">
  <testcase name="createApp" time="40.395" classname="org.seleniumdemo.test.AppsTest"/>
  <testcase name="viewApp" time="26.128" classname="org.seleniumdemo.test.AppsTest"/>
  <testcase name="editApp" time="83.315" classname="org.seleniumdemo.test.AppsTest"/>
  <testcase name="deleteApp" time="103.678" classname="org.seleniumdemo.test.AppsTest"/>
</testsuite> <!-- org.seleniumdemo.test.AppsTest -->
