<?xml version="1.0" encoding="UTF-8"?>
<!-- Generated by org.testng.reporters.JUnitReportReporter -->
<testsuite hostname="APENAO" name="org.seleniumdemo.test.UserGroupTest" tests="4" failures="0" timestamp="8 Feb 2018 20:58:06 GMT" time="542.172" errors="0">
  <testcase name="listUsersGroups" time="26.361" classname="org.seleniumdemo.test.UserGroupTest"/>
  <testcase name="deleteUser" time="346.090" classname="org.seleniumdemo.test.UserGroupTest"/>
  <testcase name="editUsersGroups" time="121.992" classname="org.seleniumdemo.test.UserGroupTest"/>
  <testcase name="createUserGroup" time="47.729" classname="org.seleniumdemo.test.UserGroupTest"/>
</testsuite> <!-- org.seleniumdemo.test.UserGroupTest -->
