<?xml version="1.0" encoding="UTF-8"?>
<!-- Generated by org.testng.reporters.JUnitReportReporter -->
<testsuite hostname="APENAO" name="org.seleniumdemo.test.SettingOptionTest" tests="4" failures="0" timestamp="12 Feb 2018 20:34:53 GMT" time="239.212" errors="0">
  <testcase name="editSettings" time="86.062" classname="org.seleniumdemo.test.SettingOptionTest"/>
  <testcase name="deleteSetting" time="87.493" classname="org.seleniumdemo.test.SettingOptionTest"/>
  <testcase name="listSettings" time="24.803" classname="org.seleniumdemo.test.SettingOptionTest"/>
  <testcase name="createSettings" time="40.854" classname="org.seleniumdemo.test.SettingOptionTest"/>
</testsuite> <!-- org.seleniumdemo.test.SettingOptionTest -->
