<?xml version="1.0" encoding="UTF-8"?>
<!-- Generated by org.testng.reporters.JUnitReportReporter -->
<testsuite hostname="APENAO" name="org.seleniumdemo.test.DeviceTest" tests="4" failures="0" timestamp="9 Feb 2018 14:09:16 GMT" time="259.877" errors="0">
  <testcase name="deleteDevice" time="81.844" classname="org.seleniumdemo.test.DeviceTest"/>
  <testcase name="editDevice" time="115.949" classname="org.seleniumdemo.test.DeviceTest"/>
  <testcase name="createDevice" time="34.804" classname="org.seleniumdemo.test.DeviceTest"/>
  <testcase name="viewDevice" time="27.280" classname="org.seleniumdemo.test.DeviceTest"/>
</testsuite> <!-- org.seleniumdemo.test.DeviceTest -->
