<?xml version="1.0" encoding="UTF-8"?>
<!-- Generated by org.testng.reporters.JUnitReportReporter -->
<testsuite hostname="APENAO" name="org.seleniumdemo.test.SystemUpdateChainTest" tests="1" failures="0" timestamp="5 Mar 2018 20:38:40 GMT" time="40.031" errors="0">
  <testcase name="createSystemUpdate" time="40.031" classname="org.seleniumdemo.test.SystemUpdateChainTest"/>
</testsuite> <!-- org.seleniumdemo.test.SystemUpdateChainTest -->
