<?xml version="1.0" encoding="UTF-8"?>
<!-- Generated by org.testng.reporters.JUnitReportReporter -->
<testsuite hostname="APENAO" name="org.seleniumdemo.test.ExportFileTest" tests="8" failures="0" timestamp="19 Dec 2017 20:46:51 GMT" time="243.660" errors="0">
  <testcase name="exportSettings" time="38.052" classname="org.seleniumdemo.test.ExportFileTest"/>
  <testcase name="exportApps" time="29.506" classname="org.seleniumdemo.test.ExportFileTest"/>
  <testcase name="exportSystems" time="31.102" classname="org.seleniumdemo.test.ExportFileTest"/>
  <testcase name="exportUsers" time="33.373" classname="org.seleniumdemo.test.ExportFileTest"/>
  <testcase name="exportTemplates" time="15.907" classname="org.seleniumdemo.test.ExportFileTest"/>
  <testcase name="exportDeviceGroups" time="34.892" classname="org.seleniumdemo.test.ExportFileTest"/>
  <testcase name="exportDevices" time="31.992" classname="org.seleniumdemo.test.ExportFileTest"/>
  <testcase name="exportUsersGroups" time="28.836" classname="org.seleniumdemo.test.ExportFileTest"/>
</testsuite> <!-- org.seleniumdemo.test.ExportFileTest -->
