<?xml version="1.0" encoding="UTF-8"?>
<!-- Generated by org.testng.reporters.JUnitReportReporter -->
<testsuite hostname="APENAO" name="org.seleniumdemo.test.SystemUpdateTest" tests="4" failures="0" timestamp="9 Mar 2018 20:28:39 GMT" time="300.213" errors="0">
  <testcase name="createSystemUpdate" time="57.883" classname="org.seleniumdemo.test.SystemUpdateTest"/>
  <testcase name="editSystemUpdate" time="115.732" classname="org.seleniumdemo.test.SystemUpdateTest"/>
  <testcase name="deleteSystemUpdate" time="77.697" classname="org.seleniumdemo.test.SystemUpdateTest"/>
  <testcase name="viewUpdate" time="48.901" classname="org.seleniumdemo.test.SystemUpdateTest"/>
</testsuite> <!-- org.seleniumdemo.test.SystemUpdateTest -->
